Containers:
  [+] MainContainer:
   |            ID: 0x0000000000000000
   |        Bounds: IsValid=false, Min=(X=0.000 Y=0.000 Z=0.000), Max=(X=0.000 Y=0.000 Z=0.000)
   |     Transform: 0.000000,0.000000,0.000000|0.000000,0.000000,-0.000000|1.000000,1.000000,1.000000
   |     Container: /Game/Maps/Map_1_8
   |  ActorDescs:
   |      - Guid:0BF33F8D445EDEB854DD45872A1A4AA4 Class:StaticMeshActor Name:StaticMeshActor_UAID_7C10C927C5A47E6B01_1799788483 SpatiallyLoaded:true Bounds:IsValid=true, Min=(X=-4028.935 Y=1957.124 Z=2697.000), Max=(X=-3636.491 Y=2349.568 Z=2917.000) RuntimeGrid:None EditorOnly:false LevelBoundsRelevant:true HLODRelevant:false FolderPath:None FolderGuid:00000000000000000000000000000000 Parent:00000000000000000000000000000000
   |      - Guid:3C6D99C04A3C91230F2D59825F4EDCC4 Class:VolumetricCloud Name:VolumetricCloud_0 SpatiallyLoaded:false Bounds:IsValid=true, Min=(X=0.000 Y=0.000 Z=820.000), Max=(X=0.000 Y=0.000 Z=820.000) RuntimeGrid:None EditorOnly:false LevelBoundsRelevant:false HLODRelevant:false FolderPath:Lighting FolderGuid:963EC3EB4002CCE9759E2EBA541A873A Parent:00000000000000000000000000000000
   |      - Guid:42A0510F4348084E9B3826886B0E9A1D Class:StaticMeshActor Name:StaticMeshActor_UAID_7C10C927C5A47F6B01_1095242663 SpatiallyLoaded:true Bounds:IsValid=true, Min=(X=-3787.193 Y=2546.992 Z=2462.000), Max=(X=-3486.673 Y=2847.513 Z=2487.000) RuntimeGrid:None EditorOnly:false LevelBoundsRelevant:true HLODRelevant:true FolderPath:None FolderGuid:00000000000000000000000000000000 Parent:00000000000000000000000000000000
   |      - Guid:475196C64B62CC6E92AF75A09DB39998 Class:ExponentialHeightFog Name:ExponentialHeightFog_0 SpatiallyLoaded:false Bounds:IsValid=true, Min=(X=-5600.000 Y=-50.000 Z=-6850.000), Max=(X=-5600.000 Y=-50.000 Z=-6850.000) RuntimeGrid:None EditorOnly:false LevelBoundsRelevant:false HLODRelevant:false FolderPath:Lighting FolderGuid:963EC3EB4002CCE9759E2EBA541A873A Parent:00000000000000000000000000000000
   |      - Guid:49677F3144842F5C7CD00BB27D02F32E Class:SkyAtmosphere Name:SkyAtmosphere_UAID_744CA1495472766B01_1230862922 SpatiallyLoaded:false Bounds:IsValid=true, Min=(X=3443.000 Y=-4012.000 Z=336.000), Max=(X=3443.000 Y=-4012.000 Z=336.000) RuntimeGrid:None EditorOnly:false LevelBoundsRelevant:false HLODRelevant:false FolderPath:None FolderGuid:00000000000000000000000000000000 Parent:00000000000000000000000000000000
   |      - Guid:6C2C8F184E2A2D2378708EB366EC6F14 Class:PlayerStart Name:PlayerStart_0 SpatiallyLoaded:false Bounds:IsValid=true, Min=(X=-3746.000 Y=2706.000 Z=2507.013), Max=(X=-3666.000 Y=2786.000 Z=2691.013) RuntimeGrid:None EditorOnly:false LevelBoundsRelevant:true HLODRelevant:false FolderPath:None FolderGuid:00000000000000000000000000000000 Parent:00000000000000000000000000000000
   |      - Guid:79289A554FD8E787FA9754A81F947529 Class:StaticMeshActor Name:StaticMeshActor_UAID_7C10C927C5A47D6B01_1760843295 SpatiallyLoaded:true Bounds:IsValid=true, Min=(X=-4019.036 Y=2341.790 Z=2477.000), Max=(X=-3626.591 Y=2734.234 Z=2697.000) RuntimeGrid:None EditorOnly:false LevelBoundsRelevant:true HLODRelevant:false FolderPath:None FolderGuid:00000000000000000000000000000000 Parent:00000000000000000000000000000000
   |      - Guid:8300B1EE41CA3BA5947529AD1E7E083F Class:StaticMeshActor Name:StaticMeshActor_UAID_A4AE111137DC5EFB00_1110535423 SpatiallyLoaded:true Bounds:IsValid=true, Min=(X=-1638077.568 Y=-1631851.811 Z=-1638400.000), Max=(X=1638722.472 Y=1644948.229 Z=1638400.000) RuntimeGrid:None EditorOnly:false LevelBoundsRelevant:true HLODRelevant:true FolderPath:Lighting FolderGuid:963EC3EB4002CCE9759E2EBA541A873A Parent:00000000000000000000000000000000
   |      - Guid:98C998154EE67639457161988D4FE0D9 Class:StaticMeshActor Name:StaticMeshActor_UAID_7C10C927C5A47E6B01_2032003486 SpatiallyLoaded:true Bounds:IsValid=true, Min=(X=-4179.018 Y=2182.744 Z=2672.000), Max=(X=-3858.611 Y=2503.152 Z=2697.000) RuntimeGrid:None EditorOnly:false LevelBoundsRelevant:true HLODRelevant:true FolderPath:None FolderGuid:00000000000000000000000000000000 Parent:00000000000000000000000000000000
   |      - Guid:A74D8EC549346617A837F69AFCF244E1 Class:StaticMeshActor Name:StaticMeshActor_UAID_7C10C927C5A47F6B01_1176357664 SpatiallyLoaded:true Bounds:IsValid=true, Min=(X=-3795.740 Y=1834.524 Z=2912.000), Max=(X=-3512.897 Y=2117.367 Z=2937.000) RuntimeGrid:None EditorOnly:false LevelBoundsRelevant:true HLODRelevant:true FolderPath:None FolderGuid:00000000000000000000000000000000 Parent:00000000000000000000000000000000
   |      - Guid:D35A15AE4633C34FE1AE2CA656F1B531 Class:WorldDataLayers Name:WorldDataLayers SpatiallyLoaded:false Bounds:IsValid=true, Min=(X=0.000 Y=0.000 Z=0.000), Max=(X=0.000 Y=0.000 Z=0.000) RuntimeGrid:None EditorOnly:false LevelBoundsRelevant:false HLODRelevant:false FolderPath:None FolderGuid:00000000000000000000000000000000 Parent:00000000000000000000000000000000
   |      - Guid:DCFDB4F24FE05AF1B78F6EB483C39D68 Class:DirectionalLight Name:DirectionalLight_0 SpatiallyLoaded:false Bounds:IsValid=true, Min=(X=-1048576.000 Y=-1048576.000 Z=-1048576.000), Max=(X=1048576.000 Y=1048576.000 Z=1048576.000) RuntimeGrid:None EditorOnly:false LevelBoundsRelevant:false HLODRelevant:false FolderPath:Lighting FolderGuid:963EC3EB4002CCE9759E2EBA541A873A Parent:00000000000000000000000000000000
   |      - Guid:EAB99A434E92941F37827EB25BFCB70F Class:StaticMeshActor Name:StaticMeshActor_UAID_7C10C927C5A47F6B01_2092986673 SpatiallyLoaded:true Bounds:IsValid=true, Min=(X=-3868.274 Y=1993.496 Z=1678.000), Max=(X=-3161.167 Y=2700.603 Z=3228.000) RuntimeGrid:None EditorOnly:false LevelBoundsRelevant:true HLODRelevant:false FolderPath:None FolderGuid:00000000000000000000000000000000 Parent:00000000000000000000000000000000
   |      - Guid:FA1908CA421AB885C6096E9C4690FAC4 Class:PostProcessVolume Name:PostProcessVolume_UAID_744CA1495472406B01_1168213424 SpatiallyLoaded:false Bounds:IsValid=true, Min=(X=-8643.159 Y=-1205.594 Z=-322.000), Max=(X=1539.179 Y=8976.743 Z=-122.000) RuntimeGrid:None EditorOnly:false LevelBoundsRelevant:false HLODRelevant:false FolderPath:Lighting FolderGuid:963EC3EB4002CCE9759E2EBA541A873A Parent:00000000000000000000000000000000
   |      - Guid:FC4D0490402F96E7AAE1A18BD85B273F Class:SkyLight Name:SkyLight_1 SpatiallyLoaded:false Bounds:IsValid=true, Min=(X=0.000 Y=0.000 Z=690.000), Max=(X=0.000 Y=0.000 Z=690.000) RuntimeGrid:None EditorOnly:false LevelBoundsRelevant:false HLODRelevant:false FolderPath:Lighting FolderGuid:963EC3EB4002CCE9759E2EBA541A873A Parent:00000000000000000000000000000000
