Containers:
  [+] MainContainer:
   |            ID: 0x0000000000000000
   |        Bounds: IsValid=false, Min=(X=0.000 Y=0.000 Z=0.000), Max=(X=0.000 Y=0.000 Z=0.000)
   |     Transform: 0.000000,0.000000,0.000000|0.000000,0.000000,-0.000000|1.000000,1.000000,1.000000
   |     Container: /Game/Maps/Map_1_7
   |  ActorDescs:
   |      - Guid:1531E07648D2F959E7EDE9BBB167DDB4 Class:StaticMeshActor Name:StaticMeshActor_UAID_7C10C927C5A47D6B01_1760843295 SpatiallyLoaded:true Bounds:IsValid=true, Min=(X=-4009.136 Y=2351.689 Z=2477.000), Max=(X=-3616.692 Y=2744.133 Z=2697.000) RuntimeGrid:None EditorOnly:false LevelBoundsRelevant:true HLODRelevant:false FolderPath:None FolderGuid:00000000000000000000000000000000 Parent:00000000000000000000000000000000
   |      - Guid:2D7FC7D349576264C91DF69622EBE85B Class:PlayerStart Name:PlayerStart_0 SpatiallyLoaded:false Bounds:IsValid=true, Min=(X=-4995.000 Y=3780.000 Z=2507.013), Max=(X=-4915.000 Y=3860.000 Z=2691.013) RuntimeGrid:None EditorOnly:false LevelBoundsRelevant:true HLODRelevant:false FolderPath:None FolderGuid:00000000000000000000000000000000 Parent:00000000000000000000000000000000
   |      - Guid:2EC551514117FBB645A12A9C909A77B2 Class:DirectionalLight Name:DirectionalLight_0 SpatiallyLoaded:false Bounds:IsValid=true, Min=(X=-1048576.000 Y=-1048576.000 Z=-1048576.000), Max=(X=1048576.000 Y=1048576.000 Z=1048576.000) RuntimeGrid:None EditorOnly:false LevelBoundsRelevant:false HLODRelevant:false FolderPath:Lighting FolderGuid:963EC3EB4002CCE9759E2EBA541A873A Parent:00000000000000000000000000000000
   |      - Guid:30088A404B25D8D82858FDA007F18B0F Class:StaticMeshActor Name:StaticMeshActor_UAID_7C10C927C5A47F6B01_1095242663 SpatiallyLoaded:true Bounds:IsValid=true, Min=(X=-3769.515 Y=2564.670 Z=2462.000), Max=(X=-3486.673 Y=2847.513 Z=2487.000) RuntimeGrid:None EditorOnly:false LevelBoundsRelevant:true HLODRelevant:true FolderPath:None FolderGuid:00000000000000000000000000000000 Parent:00000000000000000000000000000000
   |      - Guid:30AE870247AE04CCBA0FEAAC31A96606 Class:StaticMeshActor Name:StaticMeshActor_UAID_A4AE111137DC5EFB00_1110535423 SpatiallyLoaded:true Bounds:IsValid=true, Min=(X=-1638077.568 Y=-1631851.811 Z=-1638400.000), Max=(X=1638722.472 Y=1644948.229 Z=1638400.000) RuntimeGrid:None EditorOnly:false LevelBoundsRelevant:true HLODRelevant:true FolderPath:Lighting FolderGuid:963EC3EB4002CCE9759E2EBA541A873A Parent:00000000000000000000000000000000
   |      - Guid:5712D82947E3748DEF4151BD916D0F42 Class:StaticMeshActor Name:StaticMeshActor_UAID_7C10C927C5A47F6B01_1176357664 SpatiallyLoaded:true Bounds:IsValid=true, Min=(X=-3790.083 Y=1840.181 Z=2912.000), Max=(X=-3507.241 Y=2123.024 Z=2937.000) RuntimeGrid:None EditorOnly:false LevelBoundsRelevant:true HLODRelevant:true FolderPath:None FolderGuid:00000000000000000000000000000000 Parent:00000000000000000000000000000000
   |      - Guid:6EDD128C4BE4F12ADDC2A2809A50BCE4 Class:StaticMeshActor Name:StaticMeshActor_UAID_7C10C927C5A47E6B01_2032003486 SpatiallyLoaded:true Bounds:IsValid=true, Min=(X=-4169.826 Y=2191.936 Z=2672.000), Max=(X=-3849.418 Y=2512.344 Z=2697.000) RuntimeGrid:None EditorOnly:false LevelBoundsRelevant:true HLODRelevant:true FolderPath:None FolderGuid:00000000000000000000000000000000 Parent:00000000000000000000000000000000
   |      - Guid:71624BC4421DDC932B2B9288BE50D629 Class:StaticMeshActor Name:StaticMeshActor_UAID_7C10C927C5A47E6B01_1799788483 SpatiallyLoaded:true Bounds:IsValid=true, Min=(X=-4019.743 Y=1966.316 Z=2697.000), Max=(X=-3627.299 Y=2358.760 Z=2917.000) RuntimeGrid:None EditorOnly:false LevelBoundsRelevant:true HLODRelevant:false FolderPath:None FolderGuid:00000000000000000000000000000000 Parent:00000000000000000000000000000000
   |      - Guid:9225DBB14B803BB16F72F0B09C5D3239 Class:ExponentialHeightFog Name:ExponentialHeightFog_0 SpatiallyLoaded:false Bounds:IsValid=true, Min=(X=-5600.000 Y=-50.000 Z=-6850.000), Max=(X=-5600.000 Y=-50.000 Z=-6850.000) RuntimeGrid:None EditorOnly:false LevelBoundsRelevant:false HLODRelevant:false FolderPath:Lighting FolderGuid:963EC3EB4002CCE9759E2EBA541A873A Parent:00000000000000000000000000000000
   |      - Guid:9E1CF3E647A00E6986A700A747EA54D0 Class:StaticMeshActor Name:StaticMeshActor_UAID_7C10C927C5A47E6B01_1882806485 SpatiallyLoaded:true Bounds:IsValid=true, Min=(X=-3854.768 Y=1998.477 Z=1319.992), Max=(X=-3158.796 Y=2694.448 Z=2944.008) RuntimeGrid:None EditorOnly:false LevelBoundsRelevant:true HLODRelevant:true FolderPath:None FolderGuid:00000000000000000000000000000000 Parent:00000000000000000000000000000000
   |      - Guid:AEB02C264F9088A66AB96C8AE44AF8F5 Class:SkyLight Name:SkyLight_1 SpatiallyLoaded:false Bounds:IsValid=true, Min=(X=0.000 Y=0.000 Z=690.000), Max=(X=0.000 Y=0.000 Z=690.000) RuntimeGrid:None EditorOnly:false LevelBoundsRelevant:false HLODRelevant:false FolderPath:Lighting FolderGuid:963EC3EB4002CCE9759E2EBA541A873A Parent:00000000000000000000000000000000
   |      - Guid:BEBCB0484EB1998DB5272E9B42584460 Class:WorldDataLayers Name:WorldDataLayers SpatiallyLoaded:false Bounds:IsValid=true, Min=(X=0.000 Y=0.000 Z=0.000), Max=(X=0.000 Y=0.000 Z=0.000) RuntimeGrid:None EditorOnly:false LevelBoundsRelevant:false HLODRelevant:false FolderPath:None FolderGuid:00000000000000000000000000000000 Parent:00000000000000000000000000000000
   |      - Guid:C7EA08DD432494DAA9E8E18FC61D2F32 Class:VolumetricCloud Name:VolumetricCloud_0 SpatiallyLoaded:false Bounds:IsValid=true, Min=(X=0.000 Y=0.000 Z=820.000), Max=(X=0.000 Y=0.000 Z=820.000) RuntimeGrid:None EditorOnly:false LevelBoundsRelevant:false HLODRelevant:false FolderPath:Lighting FolderGuid:963EC3EB4002CCE9759E2EBA541A873A Parent:00000000000000000000000000000000
   |      - Guid:D50A0FB143514514423FC89E865F4281 Class:SkyAtmosphere Name:SkyAtmosphere_UAID_744CA1495472766B01_1230862922 SpatiallyLoaded:false Bounds:IsValid=true, Min=(X=3443.000 Y=-4012.000 Z=336.000), Max=(X=3443.000 Y=-4012.000 Z=336.000) RuntimeGrid:None EditorOnly:false LevelBoundsRelevant:false HLODRelevant:false FolderPath:None FolderGuid:00000000000000000000000000000000 Parent:00000000000000000000000000000000
   |      - Guid:D90EF86B465BB2A7BD4DEEAA43987FB0 Class:PostProcessVolume Name:PostProcessVolume_UAID_744CA1495472406B01_1168213424 SpatiallyLoaded:false Bounds:IsValid=true, Min=(X=-8643.159 Y=-1205.594 Z=-322.000), Max=(X=1539.179 Y=8976.743 Z=-122.000) RuntimeGrid:None EditorOnly:false LevelBoundsRelevant:false HLODRelevant:false FolderPath:Lighting FolderGuid:963EC3EB4002CCE9759E2EBA541A873A Parent:00000000000000000000000000000000
