Containers:
  [+] MainContainer:
   |            ID: 0x0000000000000000
   |        Bounds: IsValid=false, Min=(X=0.000 Y=0.000 Z=0.000), Max=(X=0.000 Y=0.000 Z=0.000)
   |     Transform: 0.000000,0.000000,0.000000|0.000000,0.000000,-0.000000|1.000000,1.000000,1.000000
   |     Container: /Game/Maps/Map_1_5
   |  ActorDescs:
   |      - Guid:103A09D84F95E86D95287C87A3F8FE77 Class:SkyLight Name:SkyLight_1 SpatiallyLoaded:false Bounds:IsValid=true, Min=(X=0.000 Y=0.000 Z=690.000), Max=(X=0.000 Y=0.000 Z=690.000) RuntimeGrid:None EditorOnly:false LevelBoundsRelevant:false HLODRelevant:false FolderPath:Lighting FolderGuid:963EC3EB4002CCE9759E2EBA541A873A Parent:00000000000000000000000000000000
   |      - Guid:2008A76F4DA7E6DDD45ADB8C5A7907B1 Class:VolumetricCloud Name:VolumetricCloud_0 SpatiallyLoaded:false Bounds:IsValid=true, Min=(X=0.000 Y=0.000 Z=820.000), Max=(X=0.000 Y=0.000 Z=820.000) RuntimeGrid:None EditorOnly:false LevelBoundsRelevant:false HLODRelevant:false FolderPath:Lighting FolderGuid:963EC3EB4002CCE9759E2EBA541A873A Parent:00000000000000000000000000000000
   |      - Guid:2F3ADABE4430D1AF988C28A02EA93C56 Class:StaticMeshActor Name:StaticMeshActor_UAID_7C10C927C5A47A6B01_1655108716 SpatiallyLoaded:true Bounds:IsValid=true, Min=(X=-4452.404 Y=3521.462 Z=385.000), Max=(X=-4077.108 Y=3896.759 Z=410.000) RuntimeGrid:None EditorOnly:false LevelBoundsRelevant:true HLODRelevant:true FolderPath:None FolderGuid:00000000000000000000000000000000 Parent:00000000000000000000000000000000
   |      - Guid:36098BC54C7129AECFA323A2365F1F16 Class:StaticMeshActor Name:StaticMeshActor_UAID_A4AE111137DC5EFB00_1110535423 SpatiallyLoaded:true Bounds:IsValid=true, Min=(X=-1638400.000 Y=-1638400.000 Z=-1638400.000), Max=(X=1638400.000 Y=1638400.000 Z=1638400.000) RuntimeGrid:None EditorOnly:false LevelBoundsRelevant:true HLODRelevant:true FolderPath:Lighting FolderGuid:963EC3EB4002CCE9759E2EBA541A873A Parent:00000000000000000000000000000000
   |      - Guid:3FAEA4BF4A8327482BF05C8418E3BE7E Class:PlayerStart Name:PlayerStart_0 SpatiallyLoaded:false Bounds:IsValid=true, Min=(X=-4585.000 Y=3330.000 Z=440.013), Max=(X=-4505.000 Y=3410.000 Z=624.013) RuntimeGrid:None EditorOnly:false LevelBoundsRelevant:true HLODRelevant:false FolderPath:None FolderGuid:00000000000000000000000000000000 Parent:00000000000000000000000000000000
   |      - Guid:49C9AA8946E0491176558588C1D18F99 Class:SkyAtmosphere Name:SkyAtmosphere_UAID_744CA1495472766B01_1230862922 SpatiallyLoaded:false Bounds:IsValid=true, Min=(X=3443.000 Y=-4012.000 Z=336.000), Max=(X=3443.000 Y=-4012.000 Z=336.000) RuntimeGrid:None EditorOnly:false LevelBoundsRelevant:false HLODRelevant:false FolderPath:None FolderGuid:00000000000000000000000000000000 Parent:00000000000000000000000000000000
   |      - Guid:4B86FE3F44B1C99F5B681FA7CED8CBC9 Class:ExponentialHeightFog Name:ExponentialHeightFog_0 SpatiallyLoaded:false Bounds:IsValid=true, Min=(X=-5600.000 Y=-50.000 Z=-6850.000), Max=(X=-5600.000 Y=-50.000 Z=-6850.000) RuntimeGrid:None EditorOnly:false LevelBoundsRelevant:false HLODRelevant:false FolderPath:Lighting FolderGuid:963EC3EB4002CCE9759E2EBA541A873A Parent:00000000000000000000000000000000
   |      - Guid:89AB38ED4CDF79130F9741983EF4B42F Class:DirectionalLight Name:DirectionalLight_0 SpatiallyLoaded:false Bounds:IsValid=true, Min=(X=-1048576.000 Y=-1048576.000 Z=-1048576.000), Max=(X=1048576.000 Y=1048576.000 Z=1048576.000) RuntimeGrid:None EditorOnly:false LevelBoundsRelevant:false HLODRelevant:false FolderPath:Lighting FolderGuid:963EC3EB4002CCE9759E2EBA541A873A Parent:00000000000000000000000000000000
   |      - Guid:91BE77264545ED4F01DACF9C4F421656 Class:StaticMeshActor Name:StaticMeshActor_UAID_7C10C927C5A47B6B01_2134017902 SpatiallyLoaded:true Bounds:IsValid=true, Min=(X=-4967.549 Y=3005.430 Z=410.000), Max=(X=-4619.564 Y=3353.415 Z=803.701) RuntimeGrid:None EditorOnly:false LevelBoundsRelevant:true HLODRelevant:true FolderPath:None FolderGuid:00000000000000000000000000000000 Parent:00000000000000000000000000000000
   |      - Guid:9E86DB634F61B03279AEB39936B621F7 Class:StaticMeshActor Name:StaticMeshActor_UAID_7C10C927C5A47B6B01_1940981900 SpatiallyLoaded:true Bounds:IsValid=true, Min=(X=-4178.754 Y=3795.112 Z=385.000), Max=(X=-3405.356 Y=4568.510 Z=410.000) RuntimeGrid:None EditorOnly:false LevelBoundsRelevant:true HLODRelevant:true FolderPath:None FolderGuid:00000000000000000000000000000000 Parent:00000000000000000000000000000000
   |      - Guid:AA238864476138052A484D9A42541F51 Class:StaticMeshActor Name:StaticMeshActor_UAID_7C10C927C5A47B6B01_1921347899 SpatiallyLoaded:true Bounds:IsValid=true, Min=(X=-4967.178 Y=3006.688 Z=385.000), Max=(X=-4352.879 Y=3620.987 Z=410.000) RuntimeGrid:None EditorOnly:false LevelBoundsRelevant:true HLODRelevant:true FolderPath:None FolderGuid:00000000000000000000000000000000 Parent:00000000000000000000000000000000
   |      - Guid:AF06DF5A459CC08D36FEE59F76938ACE Class:PostProcessVolume Name:PostProcessVolume_UAID_744CA1495472406B01_1168213424 SpatiallyLoaded:false Bounds:IsValid=true, Min=(X=-8643.159 Y=-1205.594 Z=-799.000), Max=(X=1539.179 Y=8976.743 Z=-599.000) RuntimeGrid:None EditorOnly:false LevelBoundsRelevant:false HLODRelevant:false FolderPath:Lighting FolderGuid:963EC3EB4002CCE9759E2EBA541A873A Parent:00000000000000000000000000000000
   |      - Guid:DBBC570442E7C19C578FBF94DAA270EC Class:WorldDataLayers Name:WorldDataLayers SpatiallyLoaded:false Bounds:IsValid=true, Min=(X=0.000 Y=0.000 Z=0.000), Max=(X=0.000 Y=0.000 Z=0.000) RuntimeGrid:None EditorOnly:false LevelBoundsRelevant:false HLODRelevant:false FolderPath:None FolderGuid:00000000000000000000000000000000 Parent:00000000000000000000000000000000
   |      - Guid:E7DC170E4D53895DA2626EBF75F5A372 Class:StaticMeshActor Name:StaticMeshActor_UAID_7C10C927C5A47B6B01_2018790901 SpatiallyLoaded:true Bounds:IsValid=true, Min=(X=-3683.494 Y=4499.550 Z=410.000), Max=(X=-3335.508 Y=4847.535 Z=803.701) RuntimeGrid:None EditorOnly:false LevelBoundsRelevant:true HLODRelevant:true FolderPath:None FolderGuid:00000000000000000000000000000000 Parent:00000000000000000000000000000000
