Containers:
  [+] MainContainer:
   |            ID: 0x0000000000000000
   |        Bounds: IsValid=false, Min=(X=0.000 Y=0.000 Z=0.000), Max=(X=0.000 Y=0.000 Z=0.000)
   |     Transform: 0.000000,0.000000,0.000000|0.000000,0.000000,-0.000000|1.000000,1.000000,1.000000
   |     Container: /Game/Maps/Map_1_6
   |  ActorDescs:
   |      - Guid:0CA0E0544D410A0E5039E7AED31A78D6 Class:StaticMeshActor Name:StaticMeshActor_UAID_7C10C927C5A47B6B01_2134017902 SpatiallyLoaded:true Bounds:IsValid=true, Min=(X=-5184.103 Y=3931.789 Z=410.000), Max=(X=-4836.118 Y=4279.775 Z=803.701) RuntimeGrid:None EditorOnly:false LevelBoundsRelevant:true HLODRelevant:true FolderPath:None FolderGuid:00000000000000000000000000000000 Parent:00000000000000000000000000000000
   |      - Guid:11B00751429F2B4AFF5498B252D35799 Class:ExponentialHeightFog Name:ExponentialHeightFog_0 SpatiallyLoaded:false Bounds:IsValid=true, Min=(X=-5600.000 Y=-50.000 Z=-6850.000), Max=(X=-5600.000 Y=-50.000 Z=-6850.000) RuntimeGrid:None EditorOnly:false LevelBoundsRelevant:false HLODRelevant:false FolderPath:Lighting FolderGuid:963EC3EB4002CCE9759E2EBA541A873A Parent:00000000000000000000000000000000
   |      - Guid:27F5026B444DA9C70E220482C8040B89 Class:StaticMeshActor Name:StaticMeshActor_UAID_7C10C927C5A47A6B01_1655108716 SpatiallyLoaded:true Bounds:IsValid=true, Min=(X=-4663.121 Y=3198.415 Z=385.000), Max=(X=-4101.855 Y=3759.681 Z=410.000) RuntimeGrid:None EditorOnly:false LevelBoundsRelevant:true HLODRelevant:true FolderPath:None FolderGuid:00000000000000000000000000000000 Parent:00000000000000000000000000000000
   |      - Guid:3D89E1F149D6F0C01055929B141088AC Class:StaticMeshActor Name:StaticMeshActor_UAID_7C10C927C5A47D6B01_1760843295 SpatiallyLoaded:true Bounds:IsValid=true, Min=(X=-3782.862 Y=2217.339 Z=410.000), Max=(X=-3390.418 Y=2609.783 Z=630.000) RuntimeGrid:None EditorOnly:false LevelBoundsRelevant:true HLODRelevant:false FolderPath:None FolderGuid:00000000000000000000000000000000 Parent:00000000000000000000000000000000
   |      - Guid:54E1B9E34940C463AE38369B3B92A5DE Class:WorldDataLayers Name:WorldDataLayers SpatiallyLoaded:false Bounds:IsValid=true, Min=(X=0.000 Y=0.000 Z=0.000), Max=(X=0.000 Y=0.000 Z=0.000) RuntimeGrid:None EditorOnly:false LevelBoundsRelevant:false HLODRelevant:false FolderPath:None FolderGuid:00000000000000000000000000000000 Parent:00000000000000000000000000000000
   |      - Guid:64DE3AD94DACDA5D1BFEB9814A02D7FD Class:PostProcessVolume Name:PostProcessVolume_UAID_744CA1495472406B01_1168213424 SpatiallyLoaded:false Bounds:IsValid=true, Min=(X=-8643.159 Y=-1205.594 Z=-799.000), Max=(X=1539.179 Y=8976.743 Z=-599.000) RuntimeGrid:None EditorOnly:false LevelBoundsRelevant:false HLODRelevant:false FolderPath:Lighting FolderGuid:963EC3EB4002CCE9759E2EBA541A873A Parent:00000000000000000000000000000000
   |      - Guid:671B2A0F45827323C0B50194F34B9F9B Class:PlayerStart Name:PlayerStart_0 SpatiallyLoaded:false Bounds:IsValid=true, Min=(X=-4995.000 Y=3780.000 Z=440.013), Max=(X=-4915.000 Y=3860.000 Z=624.013) RuntimeGrid:None EditorOnly:false LevelBoundsRelevant:true HLODRelevant:false FolderPath:None FolderGuid:00000000000000000000000000000000 Parent:00000000000000000000000000000000
   |      - Guid:6A7A00A94EB1F70463383AB9D8F8F1E5 Class:VolumetricCloud Name:VolumetricCloud_0 SpatiallyLoaded:false Bounds:IsValid=true, Min=(X=0.000 Y=0.000 Z=820.000), Max=(X=0.000 Y=0.000 Z=820.000) RuntimeGrid:None EditorOnly:false LevelBoundsRelevant:false HLODRelevant:false FolderPath:Lighting FolderGuid:963EC3EB4002CCE9759E2EBA541A873A Parent:00000000000000000000000000000000
   |      - Guid:731E59DF49F41BDB8CF51187B543BD8C Class:DirectionalLight Name:DirectionalLight_0 SpatiallyLoaded:false Bounds:IsValid=true, Min=(X=-1048576.000 Y=-1048576.000 Z=-1048576.000), Max=(X=1048576.000 Y=1048576.000 Z=1048576.000) RuntimeGrid:None EditorOnly:false LevelBoundsRelevant:false HLODRelevant:false FolderPath:Lighting FolderGuid:963EC3EB4002CCE9759E2EBA541A873A Parent:00000000000000000000000000000000
   |      - Guid:A4FE809F43D209EA1E4A70ADA8BF8283 Class:SkyAtmosphere Name:SkyAtmosphere_UAID_744CA1495472766B01_1230862922 SpatiallyLoaded:false Bounds:IsValid=true, Min=(X=3443.000 Y=-4012.000 Z=336.000), Max=(X=3443.000 Y=-4012.000 Z=336.000) RuntimeGrid:None EditorOnly:false LevelBoundsRelevant:false HLODRelevant:false FolderPath:None FolderGuid:00000000000000000000000000000000 Parent:00000000000000000000000000000000
   |      - Guid:B051DC124470BFCC387D71916C878787 Class:StaticMeshActor Name:StaticMeshActor_UAID_7C10C927C5A47E6B01_1728153482 SpatiallyLoaded:true Bounds:IsValid=true, Min=(X=-4207.038 Y=2742.331 Z=385.000), Max=(X=-3645.772 Y=3303.597 Z=410.000) RuntimeGrid:None EditorOnly:false LevelBoundsRelevant:true HLODRelevant:true FolderPath:None FolderGuid:00000000000000000000000000000000 Parent:00000000000000000000000000000000
   |      - Guid:BAD16EEF4D6E4630B930DA8F18816BB5 Class:StaticMeshActor Name:StaticMeshActor_UAID_A4AE111137DC5EFB00_1110535423 SpatiallyLoaded:true Bounds:IsValid=true, Min=(X=-1638077.568 Y=-1631851.811 Z=-1638400.000), Max=(X=1638722.472 Y=1644948.229 Z=1638400.000) RuntimeGrid:None EditorOnly:false LevelBoundsRelevant:true HLODRelevant:true FolderPath:Lighting FolderGuid:963EC3EB4002CCE9759E2EBA541A873A Parent:00000000000000000000000000000000
   |      - Guid:CA62C6A440C4710E5AF6138443F73BDB Class:StaticMeshActor Name:StaticMeshActor_UAID_7C10C927C5A47B6B01_1921347899 SpatiallyLoaded:true Bounds:IsValid=true, Min=(X=-5182.845 Y=3665.105 Z=385.000), Max=(X=-4568.546 Y=4279.404 Z=410.000) RuntimeGrid:None EditorOnly:false LevelBoundsRelevant:true HLODRelevant:true FolderPath:None FolderGuid:00000000000000000000000000000000 Parent:00000000000000000000000000000000
   |      - Guid:D57A1CBB49E57856F4FAD1948D7FDB5A Class:SkyLight Name:SkyLight_1 SpatiallyLoaded:false Bounds:IsValid=true, Min=(X=0.000 Y=0.000 Z=690.000), Max=(X=0.000 Y=0.000 Z=690.000) RuntimeGrid:None EditorOnly:false LevelBoundsRelevant:false HLODRelevant:false FolderPath:Lighting FolderGuid:963EC3EB4002CCE9759E2EBA541A873A Parent:00000000000000000000000000000000
