Containers:
  [+] MainContainer:
   |            ID: 0x0000000000000000
   |        Bounds: IsValid=false, Min=(X=0.000 Y=0.000 Z=0.000), Max=(X=0.000 Y=0.000 Z=0.000)
   |     Transform: 0.000000,0.000000,0.000000|0.000000,0.000000,-0.000000|1.000000,1.000000,1.000000
   |     Container: /Game/Maps/Map_1_2
   |  ActorDescs:
   |      - Guid:0D3719454A97A22189275F8ADD07FBC6 Class:ExponentialHeightFog Name:ExponentialHeightFog_0 SpatiallyLoaded:false Bounds:IsValid=true, Min=(X=-5600.000 Y=-50.000 Z=-6850.000), Max=(X=-5600.000 Y=-50.000 Z=-6850.000) RuntimeGrid:None EditorOnly:false LevelBoundsRelevant:false HLODRelevant:false FolderPath:Lighting FolderGuid:963EC3EB4002CCE9759E2EBA541A873A Parent:00000000000000000000000000000000
   |      - Guid:123684B942947F7669FD3EB929195195 Class:PostProcessVolume Name:PostProcessVolume_UAID_744CA1495472406B01_1168213424 SpatiallyLoaded:false Bounds:IsValid=true, Min=(X=-8643.159 Y=-1205.594 Z=-799.000), Max=(X=1539.179 Y=8976.743 Z=-599.000) RuntimeGrid:None EditorOnly:false LevelBoundsRelevant:false HLODRelevant:false FolderPath:Lighting FolderGuid:963EC3EB4002CCE9759E2EBA541A873A Parent:00000000000000000000000000000000
   |      - Guid:1978B95244769CAB1C1E59B9EA4EA04B Class:WorldDataLayers Name:WorldDataLayers SpatiallyLoaded:false Bounds:IsValid=true, Min=(X=0.000 Y=0.000 Z=0.000), Max=(X=0.000 Y=0.000 Z=0.000) RuntimeGrid:None EditorOnly:false LevelBoundsRelevant:false HLODRelevant:false FolderPath:None FolderGuid:00000000000000000000000000000000 Parent:00000000000000000000000000000000
   |      - Guid:325AAD2D4E4C4721AAC97085C895B3BF Class:StaticMeshActor Name:StaticMeshActor_UAID_7C10C927C5A47B6B01_2018790901 SpatiallyLoaded:true Bounds:IsValid=true, Min=(X=-3712.485 Y=4504.500 Z=400.000), Max=(X=-3364.500 Y=4852.485 Z=793.701) RuntimeGrid:None EditorOnly:false LevelBoundsRelevant:true HLODRelevant:true FolderPath:None FolderGuid:00000000000000000000000000000000 Parent:00000000000000000000000000000000
   |      - Guid:4307CA9744502806C90E3ABD50DD9730 Class:StaticMeshActor Name:StaticMeshActor_UAID_7C10C927C5A47B6B01_1940981900 SpatiallyLoaded:true Bounds:IsValid=true, Min=(X=-3690.850 Y=4066.464 Z=385.000), Max=(X=-2930.711 Y=4826.604 Z=410.000) RuntimeGrid:None EditorOnly:false LevelBoundsRelevant:true HLODRelevant:true FolderPath:None FolderGuid:00000000000000000000000000000000 Parent:00000000000000000000000000000000
   |      - Guid:5070EFBF4F84A12D1F1CDE81A47A67AB Class:StaticMeshActor Name:StaticMeshActor_UAID_7C10C927C5A47A6B01_1655108716 SpatiallyLoaded:true Bounds:IsValid=true, Min=(X=-3019.099 Y=3792.814 Z=385.000), Max=(X=-2657.060 Y=4154.853 Z=410.000) RuntimeGrid:None EditorOnly:false LevelBoundsRelevant:true HLODRelevant:true FolderPath:None FolderGuid:00000000000000000000000000000000 Parent:00000000000000000000000000000000
   |      - Guid:55EBBC7A408C655046E2E1827F4CEA4A Class:SkyAtmosphere Name:SkyAtmosphere_UAID_744CA1495472766B01_1230862922 SpatiallyLoaded:false Bounds:IsValid=true, Min=(X=3443.000 Y=-4012.000 Z=336.000), Max=(X=3443.000 Y=-4012.000 Z=336.000) RuntimeGrid:None EditorOnly:false LevelBoundsRelevant:false HLODRelevant:false FolderPath:None FolderGuid:00000000000000000000000000000000 Parent:00000000000000000000000000000000
   |      - Guid:571999734BE559BBED719E99AD1216CC Class:SkyLight Name:SkyLight_1 SpatiallyLoaded:false Bounds:IsValid=true, Min=(X=0.000 Y=0.000 Z=690.000), Max=(X=0.000 Y=0.000 Z=690.000) RuntimeGrid:None EditorOnly:false LevelBoundsRelevant:false HLODRelevant:false FolderPath:Lighting FolderGuid:963EC3EB4002CCE9759E2EBA541A873A Parent:00000000000000000000000000000000
   |      - Guid:5A2A69724EE6A1B3A14A6D9A48E52E18 Class:StaticMeshActor Name:StaticMeshActor_UAID_7C10C927C5A47B6B01_1921347899 SpatiallyLoaded:true Bounds:IsValid=true, Min=(X=-2750.398 Y=3285.111 Z=385.000), Max=(X=-2149.358 Y=3886.152 Z=410.000) RuntimeGrid:None EditorOnly:false LevelBoundsRelevant:true HLODRelevant:true FolderPath:None FolderGuid:00000000000000000000000000000000 Parent:00000000000000000000000000000000
   |      - Guid:7116FB6C488E5F2AD7A995B9C11D17EF Class:PlayerStart Name:PlayerStart_0 SpatiallyLoaded:false Bounds:IsValid=true, Min=(X=-3465.000 Y=4490.000 Z=440.013), Max=(X=-3385.000 Y=4570.000 Z=624.013) RuntimeGrid:None EditorOnly:false LevelBoundsRelevant:true HLODRelevant:false FolderPath:None FolderGuid:00000000000000000000000000000000 Parent:00000000000000000000000000000000
   |      - Guid:8A935692498D3371CAEB49B67C3CC0AC Class:StaticMeshActor Name:StaticMeshActor_UAID_7C10C927C5A47B6B01_2134017902 SpatiallyLoaded:true Bounds:IsValid=true, Min=(X=-2482.119 Y=3274.134 Z=400.000), Max=(X=-2134.134 Y=3622.119 Z=793.701) RuntimeGrid:None EditorOnly:false LevelBoundsRelevant:true HLODRelevant:true FolderPath:None FolderGuid:00000000000000000000000000000000 Parent:00000000000000000000000000000000
   |      - Guid:D158C3B541C09912375393B23779120E Class:DirectionalLight Name:DirectionalLight_0 SpatiallyLoaded:false Bounds:IsValid=true, Min=(X=-1048576.000 Y=-1048576.000 Z=-1048576.000), Max=(X=1048576.000 Y=1048576.000 Z=1048576.000) RuntimeGrid:None EditorOnly:false LevelBoundsRelevant:false HLODRelevant:false FolderPath:Lighting FolderGuid:963EC3EB4002CCE9759E2EBA541A873A Parent:00000000000000000000000000000000
   |      - Guid:DFC6E08047777321774F268D2A4C1532 Class:VolumetricCloud Name:VolumetricCloud_0 SpatiallyLoaded:false Bounds:IsValid=true, Min=(X=0.000 Y=0.000 Z=820.000), Max=(X=0.000 Y=0.000 Z=820.000) RuntimeGrid:None EditorOnly:false LevelBoundsRelevant:false HLODRelevant:false FolderPath:Lighting FolderGuid:963EC3EB4002CCE9759E2EBA541A873A Parent:00000000000000000000000000000000
   |      - Guid:E326262A4DE2D3F4D3522BAF138A3B5A Class:StaticMeshActor Name:StaticMeshActor_UAID_A4AE111137DC5EFB00_1110535423 SpatiallyLoaded:true Bounds:IsValid=true, Min=(X=-1638400.000 Y=-1638400.000 Z=-1638400.000), Max=(X=1638400.000 Y=1638400.000 Z=1638400.000) RuntimeGrid:None EditorOnly:false LevelBoundsRelevant:true HLODRelevant:true FolderPath:Lighting FolderGuid:963EC3EB4002CCE9759E2EBA541A873A Parent:00000000000000000000000000000000
